= Host-specific information ====================================================
$> hostname; uname -msr
e1z3r4p5.42.us.org
Darwin 17.4.0 x86_64
$> date
Mon Jun 17 20:05:30 PDT 2019
$> gcc --version
Configured with: --prefix=/Library/Developer/CommandLineTools/usr --with-gxx-include-dir=/usr/include/c++/4.2.1
Apple LLVM version 9.1.0 (clang-902.0.39.2)
Target: x86_64-apple-darwin17.4.0
Thread model: posix
InstalledDir: /Library/Developer/CommandLineTools/usr/bin
$> clang --version
Apple LLVM version 9.1.0 (clang-902.0.39.2)
Target: x86_64-apple-darwin17.4.0
Thread model: posix
InstalledDir: /Library/Developer/CommandLineTools/usr/bin

= User files collection ========================================================
Collecting user files from Vogsphere
Repository URL: auto-exam/2019/c-exam-alone-in-the-dark-beginner/practice-exam_20190618/mbutt

= Git history ==================================================================
$> git -C /var/folders/7w/jv3hbxrd6q9gpp7jh8w31v0m0000gp/T/tmpiFFNWN/user log --pretty='%H - %an, %ad : %s'
d36853fcbf2fed29e75477d036bb4d35942d110a - Mohammad Butt, Mon Jun 17 20:05:05 2019 -0700 : Did print_hex
d55bd712dd941ebb74d9733326e49db87f493316 - Mohammad Butt, Mon Jun 17 19:29:04 2019 -0700 : Did wdmatch
81862fa26387b9854cbd9c8af93426ac150c0339 - Mohammad Butt, Mon Jun 17 19:19:44 2019 -0700 : quick check
960222da415f19ed5f472046154e3a8fe413479e - Mohammad Butt, Mon Jun 17 19:18:22 2019 -0700 : Added ft_putstr
d9de0864df36a45eacc99fc71352cc8976e2670c - Mohammad Butt, Mon Jun 17 19:14:31 2019 -0700 : Did ft_countdown
 
= Collected files ==========================================
$> ls -lAR /var/folders/7w/jv3hbxrd6q9gpp7jh8w31v0m0000gp/T/tmpiFFNWN/user
total 8
-rw-r--r--  1 deepthought  deepthought  1272 Jun 17 20:05 __GIT_HISTORY
drwxr-xr-x  3 deepthought  deepthought   102 Jun 17 20:05 ft_countdown
drwxr-xr-x  3 deepthought  deepthought   102 Jun 17 20:05 ft_putstr
drwxr-xr-x  3 deepthought  deepthought   102 Jun 17 20:05 print_hex
drwxr-xr-x  3 deepthought  deepthought   102 Jun 17 20:05 wdmatch

/var/folders/7w/jv3hbxrd6q9gpp7jh8w31v0m0000gp/T/tmpiFFNWN/user/ft_countdown:
total 8
-rw-r--r--  1 deepthought  deepthought  1065 Jun 17 20:05 ft_countdown.c

/var/folders/7w/jv3hbxrd6q9gpp7jh8w31v0m0000gp/T/tmpiFFNWN/user/ft_putstr:
total 8
-rw-r--r--  1 deepthought  deepthought  1087 Jun 17 20:05 ft_putstr.c

/var/folders/7w/jv3hbxrd6q9gpp7jh8w31v0m0000gp/T/tmpiFFNWN/user/print_hex:
total 8
-rw-r--r--  1 deepthought  deepthought  1376 Jun 17 20:05 print_hex.c

/var/folders/7w/jv3hbxrd6q9gpp7jh8w31v0m0000gp/T/tmpiFFNWN/user/wdmatch:
total 8
-rw-r--r--  1 deepthought  deepthought  1302 Jun 17 20:05 wdmatch.c
 
= print_hex ====================================================================
$> gcc -Wextra -Wall -Werror print_hex.c -o user_exe 

= Test 1 ===================================================
$> ./qllj8o0zw8gdy9svmgo8lmg2 
$> diff -U 3 user_output_test1 test1.output | cat -e

Diff OK :D
= Test 2 ===================================================
$> ./agqiv968xw6io9wksctpx66u "21" "2313"
$> diff -U 3 user_output_test2 test2.output | cat -e

Diff OK :D
= Test 3 ===================================================
$> ./mf1n847it2yoz78lwybr2akl 2147483647
$> diff -U 3 user_output_test3 test3.output | cat -e

Diff OK :D
= Test 4 ===================================================
$> ./s7r9jwjxe4wfe2zwk8a763l2 0
$> diff -U 3 user_output_test4 test4.output | cat -e

Diff OK :D
= Test 5 ===================================================
$> ./odeh3nlporoy5qgegnw7jga5 1568001002
$> diff -U 3 user_output_test5 test5.output | cat -e

Diff OK :D
= Test 6 ===================================================
$> ./o2yxasjsudvml6pakkmch1jn 433380225
$> diff -U 3 user_output_test6 test6.output | cat -e

Diff OK :D
= Test 7 ===================================================
$> ./e1ypr4p2uw6fdawu905z4s3n 1029900803
$> diff -U 3 user_output_test7 test7.output | cat -e

Diff OK :D
= Test 8 ===================================================
$> ./p3y6j82xnycdlm4x814x0tk6 823785134
$> diff -U 3 user_output_test8 test8.output | cat -e

Diff OK :D
= Test 9 ===================================================
$> ./1aehpdg5kv8kgvpgo7ac18xs 1723232249
$> diff -U 3 user_output_test9 test9.output | cat -e

Diff OK :D
= Test 10 ==================================================
$> ./4eidpjq6zr2kbml4rjb0hd9n 1078906023
$> diff -U 3 user_output_test10 test10.output | cat -e

Diff OK :D
= Test 11 ==================================================
$> ./3xpoe6wogzvpuq0rjit5t19a 701450927
$> diff -U 3 user_output_test11 test11.output | cat -e

Diff OK :D
= Test 12 ==================================================
$> ./c8of9d4yhux1d122kg7sv0tn 1428071295
$> diff -U 3 user_output_test12 test12.output | cat -e

Diff OK :D
= Test 13 ==================================================
$> ./zgu92mvv66dmvcq5ys2k19n9 142949639
$> diff -U 3 user_output_test13 test13.output | cat -e

Diff OK :D
= Test 14 ==================================================
$> ./8wqljulwy7vj3pqfx0hhlf2z 1399122516
$> diff -U 3 user_output_test14 test14.output | cat -e

Diff OK :D
= Test 15 ==================================================
$> ./x22frdr8hi92mh96gz5e3f42 870899850
$> diff -U 3 user_output_test15 test15.output | cat -e

Diff OK :D
= Test 16 ==================================================
$> ./h3pzm5gicdjibv3min1myfgz 365684381
$> diff -U 3 user_output_test16 test16.output | cat -e

Diff OK :D
= Test 17 ==================================================
$> ./qlk4gnabecgbezo2z57r2ej4 1509336030
$> diff -U 3 user_output_test17 test17.output | cat -e

Diff OK :D
= Test 18 ==================================================
$> ./44piri36z22xrg7mi108bd7l 356448690
$> diff -U 3 user_output_test18 test18.output | cat -e

Diff OK :D
= Test 19 ==================================================
$> ./0js5c0ugplwm4sc5zgef37ta 268538972
$> diff -U 3 user_output_test19 test19.output | cat -e

Diff OK :D
= Test 20 ==================================================
$> ./o2aqpnzh5baryzphp30r01t8 1994895694
$> diff -U 3 user_output_test20 test20.output | cat -e

Diff OK :D
Grade: 1

= Final grade: 1 ===============================================================
