= Host-specific information ====================================================
$> hostname; uname -msr
e1z2r9p26.42.us.org
Darwin 17.4.0 x86_64
$> date
Wed Jun  5 22:28:05 PDT 2019
$> gcc --version
Configured with: --prefix=/Library/Developer/CommandLineTools/usr --with-gxx-include-dir=/usr/include/c++/4.2.1
Apple LLVM version 9.1.0 (clang-902.0.39.2)
Target: x86_64-apple-darwin17.4.0
Thread model: posix
InstalledDir: /Library/Developer/CommandLineTools/usr/bin
$> clang --version
Apple LLVM version 9.1.0 (clang-902.0.39.2)
Target: x86_64-apple-darwin17.4.0
Thread model: posix
InstalledDir: /Library/Developer/CommandLineTools/usr/bin

= User files collection ========================================================
Collecting user files from Vogsphere
Repository URL: auto-exam/2019/c-exam-alone-in-the-dark-beginner/practice-exam_20190606/mbutt2

= Git history ==================================================================
$> git -C /var/folders/7x/bl3k0nnx0j77rgjmd337gnm40000gp/T/tmphThEiV/user log --pretty='%H - %an, %ad : %s'
8d99771e587ae58b7f6678d2bc0efedce5e5901b - Mohammad Butt, Wed Jun 5 22:27:49 2019 -0700 : Did ft_split
53bcfa7566cdefaaa826b1806c54e7666b5b10cf - Mohammad Butt, Wed Jun 5 22:14:18 2019 -0700 : Did paramsum
5672f2db6570459a33273cdd3a657e2da9b3b897 - Mohammad Butt, Wed Jun 5 22:08:38 2019 -0700 : power of 2
9f96ac2f1056b4ab60fe1788f3af5965c2536fc0 - Mohammad Butt, Wed Jun 5 21:23:18 2019 -0700 : as
7cae394a1de888a11dc588dbaa8d6cc8930026c8 - Mohammad Butt, Wed Jun 5 21:10:54 2019 -0700 : hello
 
= Collected files ==========================================
$> ls -lAR /var/folders/7x/bl3k0nnx0j77rgjmd337gnm40000gp/T/tmphThEiV/user
total 8
-rw-r--r--  1 deepthought  deepthought  1330 Jun  5 22:28 __GIT_HISTORY
drwxr-xr-x  3 deepthought  deepthought   102 Jun  5 22:28 ft_split
drwxr-xr-x  3 deepthought  deepthought   102 Jun  5 22:28 hello
drwxr-xr-x  3 deepthought  deepthought   102 Jun  5 22:28 is_power_of_2
drwxr-xr-x  3 deepthought  deepthought   102 Jun  5 22:28 paramsum
drwxr-xr-x  3 deepthought  deepthought   102 Jun  5 22:28 rot_13

/var/folders/7x/bl3k0nnx0j77rgjmd337gnm40000gp/T/tmphThEiV/user/ft_split:
total 8
-rw-r--r--  1 deepthought  deepthought  3662 Jun  5 22:28 ft_split.c

/var/folders/7x/bl3k0nnx0j77rgjmd337gnm40000gp/T/tmphThEiV/user/hello:
total 8
-rw-r--r--  1 deepthought  deepthought  1063 Jun  5 22:28 hello.c

/var/folders/7x/bl3k0nnx0j77rgjmd337gnm40000gp/T/tmphThEiV/user/is_power_of_2:
total 8
-rw-r--r--  1 deepthought  deepthought  1551 Jun  5 22:28 is_power_of_2.c

/var/folders/7x/bl3k0nnx0j77rgjmd337gnm40000gp/T/tmphThEiV/user/paramsum:
total 8
-rw-r--r--  1 deepthought  deepthought  1432 Jun  5 22:28 paramsum.c

/var/folders/7x/bl3k0nnx0j77rgjmd337gnm40000gp/T/tmphThEiV/user/rot_13:
total 8
-rw-r--r--  1 deepthought  deepthought  1370 Jun  5 22:28 rot_13.c
 
= ft_split =====================================================================
$> gcc -Wextra -Wall -Werror ft_split.c main.c -o user_exe 

= Test 1 ===================================================
$> ./k47ux1r91x5a6solz87sh1v2 ""
$> diff -U 3 user_output_test1 test1.output | cat -e

Diff OK :D
= Test 2 ===================================================
$> ./v946fikalg0yyqlc2tb5vghs "
 
	 "
$> diff -U 3 user_output_test2 test2.output | cat -e

Diff OK :D
= Test 3 ===================================================
$> ./o698oi0htej1siklyotvzdp8 "	 "
$> diff -U 3 user_output_test3 test3.output | cat -e

Diff OK :D
= Test 4 ===================================================
$> ./dnu0rvmr85tyghtrpysr6nrs "Gmer7N"
$> diff -U 3 user_output_test4 test4.output | cat -e

Diff OK :D
= Test 5 ===================================================
$> ./98m2rk0b3qpnexcqsfqtpc0l "pzYQjsD3uZd"
$> diff -U 3 user_output_test5 test5.output | cat -e

Diff OK :D
= Test 6 ===================================================
$> ./k1e1pe19p2qhv0fupdrw9lif "

 

UzfVEveQsgRtc
		
	szh3JfX		
cekLp 
 	
 iaFo7 
  "
$> diff -U 3 user_output_test6 test6.output | cat -e
--- user_output_test6	2019-06-05 22:28:11.000000000 -0700$
+++ test6.output	2019-06-05 22:28:11.000000000 -0700$
@@ -1,4 +1,4 @@$
-$
 UzfVEveQsgRtc$
 szh3JfX$
 cekLp$
+iaFo7$

Diff KO :(
Grade: 0

= Final grade: 0 ===============================================================
